<?xml version="1.0" encoding="UTF-8"?>
<!-- Generated by org.testng.reporters.JUnitReportReporter -->
<testsuite hostname="DESKTOP-QRIIKB4" failures="0" tests="4" name="BR.Tests.SubmitOrderTest" time="34.049" errors="0" timestamp="2023-07-21T16:41:40 CDT" skipped="0">
  <testcase classname="BR.Tests.SubmitOrderTest" name="orderHistory" time="7.774"/>
  <system-out/>
  <testcase classname="BR.Tests.SubmitOrderTest" name="orderHistory" time="6.968"/>
  <system-out/>
  <testcase classname="BR.Tests.SubmitOrderTest" name="submitOrder" time="10.093"/>
  <system-out/>
  <testcase classname="BR.Tests.SubmitOrderTest" name="submitOrder" time="9.214"/>
  <system-out/>
</testsuite> <!-- BR.Tests.SubmitOrderTest -->
