<?xml version="1.0" encoding="UTF-8"?>
<!-- Generated by org.testng.reporters.JUnitReportReporter -->
<testsuite hostname="BSTNQA7420001" failures="0" tests="1" name="BR.Tests.RoughWork" time="7.180" errors="0" timestamp="2023-07-20T16:00:57 CDT" skipped="0">
  <testcase classname="BR.Tests.RoughWork" name="productErrorValidation" time="7.180"/>
</testsuite> <!-- BR.Tests.RoughWork -->
