<?xml version="1.0" encoding="UTF-8"?>
<!-- Generated by org.testng.reporters.JUnitReportReporter -->
<testsuite hostname="BSTNQA7420001" failures="0" tests="2" name="BR.Tests.ErrorValidations" time="24.502" errors="0" timestamp="2023-07-14T15:46:20 CDT" skipped="0">
  <testcase classname="BR.Tests.ErrorValidations" name="errorValidation" time="12.490"/>
  <testcase classname="BR.Tests.ErrorValidations" name="productErrorValidation" time="12.012"/>
</testsuite> <!-- BR.Tests.ErrorValidations -->
