<?xml version="1.0" encoding="UTF-8"?>
<!-- Generated by org.testng.reporters.JUnitReportReporter -->
<testsuite hostname="BSTNQA7420001" failures="0" tests="1" name="BR.Tests.SubmitOrder" time="21.524" errors="0" timestamp="2023-07-14T14:54:19 CDT" skipped="0">
  <testcase classname="BR.Tests.SubmitOrder" name="submitOrder" time="21.524"/>
</testsuite> <!-- BR.Tests.SubmitOrder -->
