<?xml version="1.0" encoding="UTF-8"?>
<!-- Generated by org.testng.reporters.JUnitReportReporter -->
<testsuite hostname="DESKTOP-QRIIKB4" failures="0" tests="1" name="BR.Tests.RoughWork" time="6.079" errors="0" timestamp="2023-07-22T12:39:31 CDT" skipped="0">
  <testcase classname="BR.Tests.RoughWork" name="productErrorValidation" time="6.079"/>
  <system-out/>
</testsuite> <!-- BR.Tests.RoughWork -->
